{"/mnt/c/Users/lovek/Desktop/altcampus/TA-JS-advanced-dom-and-test-TJaaan/block-BJaajc/code/functions.js": {"path":"/mnt/c/Users/lovek/Desktop/altcampus/TA-JS-advanced-dom-and-test-TJaaan/block-BJaajc/code/functions.js","statementMap":{"0":{"start":{"line":5,"column":4},"end":{"line":5,"column":31}},"1":{"start":{"line":12,"column":4},"end":{"line":12,"column":62}},"2":{"start":{"line":20,"column":13},"end":{"line":20,"column":20}},"3":{"start":{"line":21,"column":5},"end":{"line":21,"column":64}},"4":{"start":{"line":27,"column":12},"end":{"line":27,"column":19}},"5":{"start":{"line":28,"column":4},"end":{"line":28,"column":59}},"6":{"start":{"line":30,"column":0},"end":{"line":35,"column":1}}},"fnMap":{"0":{"name":"getFullName","decl":{"start":{"line":4,"column":9},"end":{"line":4,"column":20}},"loc":{"start":{"line":4,"column":40},"end":{"line":6,"column":1}},"line":4},"1":{"name":"isPalindrome","decl":{"start":{"line":11,"column":9},"end":{"line":11,"column":21}},"loc":{"start":{"line":11,"column":25},"end":{"line":13,"column":1}},"line":11},"2":{"name":"getCircumfrence","decl":{"start":{"line":19,"column":10},"end":{"line":19,"column":25}},"loc":{"start":{"line":19,"column":34},"end":{"line":22,"column":2}},"line":19},"3":{"name":"getArea","decl":{"start":{"line":26,"column":9},"end":{"line":26,"column":16}},"loc":{"start":{"line":26,"column":25},"end":{"line":29,"column":1}},"line":26}},"branchMap":{"0":{"loc":{"start":{"line":12,"column":11},"end":{"line":12,"column":61}},"type":"cond-expr","locations":[{"start":{"line":12,"column":49},"end":{"line":12,"column":53}},{"start":{"line":12,"column":56},"end":{"line":12,"column":61}}],"line":12}},"s":{"0":6,"1":6,"2":6,"3":6,"4":6,"5":6,"6":1},"f":{"0":6,"1":6,"2":6,"3":6},"b":{"0":[3,3]},"_coverageSchema":"1a1c01bbd47fc00a2c39e90264f33305004495a9","hash":"15e229e52df38bc5e958f64e26abd7edcdb636d0"}
}
